<?xml version="1.0" encoding="UTF-8"?>
<robot generator="Robot 7.3.2 (Python 3.11.0 on win32)" generated="2025-12-09T17:23:25.982157" rpa="false" schemaversion="5">
<suite id="s1" name="My Project" source="C:\QA\My_Project">
<suite id="s1-s1" name="Test Scheduled" source="C:\QA\My_Project\test_scheduled.robot">
<test id="s1-s1-t1" name="Login Test" line="44">
<kw name="Get Current Date" owner="DateTime">
<msg time="2025-12-09T17:23:26.235465" level="INFO">${CURRENT_TIME} = 2025-12-09 17:23:26</msg>
<var>${CURRENT_TIME}</var>
<arg>result_format=%Y-%m-%d %H:%M:%S</arg>
<doc>Returns current local or UTC time with an optional increment.</doc>
<status status="PASS" start="2025-12-09T17:23:26.235465" elapsed="0.000000"/>
</kw>
<try>
<branch type="TRY">
<kw name="Log To Console" owner="BuiltIn">
<arg>${\n}Starting login test...</arg>
<doc>Logs the given message to the console.</doc>
<status status="PASS" start="2025-12-09T17:23:26.235465" elapsed="0.000000"/>
</kw>
<kw name="Open Browser" owner="SeleniumLibrary">
<msg time="2025-12-09T17:23:26.251052" level="INFO">Opening browser 'Chrome' to base url 'https://www.saucedemo.com'.</msg>
<arg>${URL}</arg>
<arg>${BROWSER}</arg>
<doc>Opens a new browser instance to the optional ``url``.</doc>
<status status="PASS" start="2025-12-09T17:23:26.251052" elapsed="13.984338"/>
</kw>
<kw name="Maximize Browser Window" owner="SeleniumLibrary">
<doc>Maximizes current browser window.</doc>
<status status="PASS" start="2025-12-09T17:23:40.235390" elapsed="0.027987"/>
</kw>
<kw name="Set Selenium Speed" owner="SeleniumLibrary">
<arg>0.5 seconds</arg>
<doc>Sets the delay that is waited after each Selenium command.</doc>
<status status="PASS" start="2025-12-09T17:23:40.263377" elapsed="0.000000"/>
</kw>
<kw name="Log To Console" owner="BuiltIn">
<arg>Browser opened</arg>
<doc>Logs the given message to the console.</doc>
<status status="PASS" start="2025-12-09T17:23:40.263377" elapsed="0.000000"/>
</kw>
<kw name="Log To Console" owner="BuiltIn">
<arg>Entering credentials...</arg>
<doc>Logs the given message to the console.</doc>
<status status="PASS" start="2025-12-09T17:23:40.263377" elapsed="0.000000"/>
</kw>
<kw name="Input Text" owner="SeleniumLibrary">
<msg time="2025-12-09T17:23:40.263377" level="INFO">Typing text 'standard_user' into text field 'id:user-name'.</msg>
<arg>id:user-name</arg>
<arg>${USERNAME}</arg>
<doc>Types the given ``text`` into the text field identified by ``locator``.</doc>
<status status="PASS" start="2025-12-09T17:23:40.263377" elapsed="1.673991"/>
</kw>
<kw name="Input Text" owner="SeleniumLibrary">
<msg time="2025-12-09T17:23:41.937368" level="INFO">Typing text 'secret_sauce' into text field 'id:password'.</msg>
<arg>id:password</arg>
<arg>${PASSWORD}</arg>
<doc>Types the given ``text`` into the text field identified by ``locator``.</doc>
<status status="PASS" start="2025-12-09T17:23:41.937368" elapsed="1.583951"/>
</kw>
<kw name="Log To Console" owner="BuiltIn">
<arg>Credentials entered</arg>
<doc>Logs the given message to the console.</doc>
<status status="PASS" start="2025-12-09T17:23:43.521319" elapsed="0.000000"/>
</kw>
<kw name="Log To Console" owner="BuiltIn">
<arg>Clicking login button...</arg>
<doc>Logs the given message to the console.</doc>
<status status="PASS" start="2025-12-09T17:23:43.521319" elapsed="0.000000"/>
</kw>
<kw name="Click Button" owner="SeleniumLibrary">
<msg time="2025-12-09T17:23:43.521319" level="INFO">Clicking button 'id:login-button'.</msg>
<arg>id:login-button</arg>
<doc>Clicks the button identified by ``locator``.</doc>
<status status="PASS" start="2025-12-09T17:23:43.521319" elapsed="1.610982"/>
</kw>
<kw name="Log To Console" owner="BuiltIn">
<arg>Waiting for products page...</arg>
<doc>Logs the given message to the console.</doc>
<status status="PASS" start="2025-12-09T17:23:45.132301" elapsed="0.000000"/>
</kw>
<kw name="Wait Until Page Contains Element" owner="SeleniumLibrary">
<arg>class:inventory_list</arg>
<arg>timeout=${TIMEOUT}</arg>
<doc>Waits until the element ``locator`` appears on the current page.</doc>
<status status="PASS" start="2025-12-09T17:23:45.132301" elapsed="0.527405"/>
</kw>
<kw name="Page Should Contain Element" owner="SeleniumLibrary">
<msg time="2025-12-09T17:23:46.182412" level="INFO">Current page contains element 'class:inventory_list'.</msg>
<arg>class:inventory_list</arg>
<doc>Verifies that element ``locator`` is found on the current page.</doc>
<status status="PASS" start="2025-12-09T17:23:45.659706" elapsed="0.522706"/>
</kw>
<kw name="Log To Console" owner="BuiltIn">
<arg>✓ Login successful</arg>
<doc>Logs the given message to the console.</doc>
<status status="PASS" start="2025-12-09T17:23:46.182412" elapsed="0.000000"/>
</kw>
<kw name="Page Should Contain Element" owner="SeleniumLibrary">
<msg time="2025-12-09T17:23:46.724193" level="INFO">Current page contains element 'class:inventory_item'.</msg>
<arg>class:inventory_item</arg>
<doc>Verifies that element ``locator`` is found on the current page.</doc>
<status status="PASS" start="2025-12-09T17:23:46.182412" elapsed="0.541781"/>
</kw>
<kw name="Log To Console" owner="BuiltIn">
<arg>✓ Products are visible</arg>
<doc>Logs the given message to the console.</doc>
<status status="PASS" start="2025-12-09T17:23:46.724193" elapsed="0.000000"/>
</kw>
<kw name="Close Browser" owner="SeleniumLibrary">
<doc>Closes the current browser.</doc>
<status status="PASS" start="2025-12-09T17:23:46.724193" elapsed="2.581520"/>
</kw>
<kw name="Log To Console" owner="BuiltIn">
<arg>${\n}✓ All tests completed successfully!</arg>
<doc>Logs the given message to the console.</doc>
<status status="PASS" start="2025-12-09T17:23:49.306003" elapsed="0.000000"/>
</kw>
<kw name="Log To Console" owner="BuiltIn">
<arg>${SEPARATOR}${\n}</arg>
<doc>Logs the given message to the console.</doc>
<status status="PASS" start="2025-12-09T17:23:49.306003" elapsed="0.000000"/>
</kw>
<status status="PASS" start="2025-12-09T17:23:26.235465" elapsed="23.070538"/>
</branch>
<branch type="EXCEPT" assign="${error}">
<kw name="Log To Console" owner="BuiltIn">
<arg>✗ Login test failed: ${error}</arg>
<doc>Logs the given message to the console.</doc>
<status status="NOT RUN" start="2025-12-09T17:23:49.306003" elapsed="0.000000"/>
</kw>
<kw name="Run Keyword And Ignore Error" owner="BuiltIn">
<arg>Close Browser</arg>
<doc>Runs the given keyword with the given arguments and ignores possible error.</doc>
<status status="NOT RUN" start="2025-12-09T17:23:49.306003" elapsed="0.000000"/>
</kw>
<kw name="Fail" owner="BuiltIn">
<arg>${error}</arg>
<doc>Fails the test with the given message and optionally alters its tags.</doc>
<status status="NOT RUN" start="2025-12-09T17:23:49.306003" elapsed="0.000000"/>
</kw>
<status status="NOT RUN" start="2025-12-09T17:23:49.306003" elapsed="0.000000"/>
</branch>
<status status="PASS" start="2025-12-09T17:23:26.235465" elapsed="23.070538"/>
</try>
<doc>Test untuk login ke website</doc>
<tag>login</tag>
<status status="PASS" start="2025-12-09T17:23:26.235465" elapsed="23.070538"/>
</test>
<status status="PASS" start="2025-12-09T17:23:26.036120" elapsed="23.269883"/>
</suite>
<status status="PASS" start="2025-12-09T17:23:26.003814" elapsed="23.319161"/>
</suite>
<statistics>
<total>
<stat pass="1" fail="0" skip="0">All Tests</stat>
</total>
<tag>
<stat pass="1" fail="0" skip="0">login</stat>
</tag>
<suite>
<stat name="My Project" id="s1" pass="1" fail="0" skip="0">My Project</stat>
<stat name="Test Scheduled" id="s1-s1" pass="1" fail="0" skip="0">My Project.Test Scheduled</stat>
</suite>
</statistics>
<errors>
<msg time="2025-12-09T17:23:25.966532" level="WARN">Error in file 'C:\QA\My_Project\test_scheduled.robot' on line 13: Singular section headers like '*** Comment ***' are deprecated. Use plural format like '*** Comments ***' instead.</msg>
</errors>
</robot>
